  [2m2026-02-16T03:50:42.939193Z[0m [33m WARN[0m [1;33mrch::hook[0m[33m: [33mFailed to query daemon: Daemon response timed out after 30s, running locally[0m
    [2;3mat[0m rch/src/hook.rs:205 [2;3mon[0m ThreadId(1)

  [2m2026-02-16T03:50:42.939224Z[0m [32m INFO[0m [1;32mrch::hook::autostart[0m[32m: [32mDaemon unavailable, attempting auto-start[0m
    [2;3mat[0m rch/src/hook.rs:862 [2;3mon[0m ThreadId(1)

[RCH] local (daemon unavailable)

running 1 test

thread 'e2e_script_pack_artifacts_are_complete_and_deterministic' (1153873) panicked at crates/fnx-conformance/tests/e2e_script_pack_gate.rs:88:10:
gate report bundle_index_path should be string
note: run with `RUST_BACKTRACE=1` environment variable to display a backtrace
e2e_script_pack_artifacts_are_complete_and_deterministic --- FAILED

failures:

failures:
    e2e_script_pack_artifacts_are_complete_and_deterministic

test result: FAILED. 0 passed; 1 failed; 0 ignored; 0 measured; 0 filtered out; finished in 0.00s

error: test failed, to rerun pass `-p fnx-conformance --test e2e_script_pack_gate`
